2023-05-01 19:19:17 INFO  HikariDataSource:80 - HikariPool-1 - Starting...
2023-05-01 19:19:17 WARN  DriverDataSource:70 - Registered driver with driverClassName=com.mysql.jdbc.Driver was not found, trying direct instantiation.
2023-05-01 19:19:18 INFO  HikariPool:565 - HikariPool-1 - Added connection com.mysql.cj.jdbc.ConnectionImpl@d83da2e
2023-05-01 19:19:18 INFO  HikariDataSource:82 - HikariPool-1 - Start completed.
2023-05-01 19:19:18 INFO  runner:39 - User_list{userId=30, email='1111@gmail.com', password='30de5f17304f90c8a19c9e4c010b28ed'}
2023-05-02 09:17:58 INFO  LogHelper:31 - HHH000204: Processing PersistenceUnitInfo [name: Cinema]
2023-05-02 09:17:59 INFO  Version:44 - HHH000412: Hibernate ORM core version 6.2.0.Final
2023-05-02 09:17:59 INFO  Environment:191 - HHH000406: Using bytecode reflection optimizer
2023-05-02 09:17:59 INFO  ConnectionProviderInitiator:127 - HHH000130: Instantiating explicit connection provider: org.hibernate.hikaricp.internal.HikariCPConnectionProvider
2023-05-02 09:17:59 INFO  HikariDataSource:80 - HikariPool-1 - Starting...
2023-05-02 09:18:00 INFO  HikariPool:565 - HikariPool-1 - Added connection com.mysql.cj.jdbc.ConnectionImpl@17f460bb
2023-05-02 09:18:00 INFO  HikariDataSource:82 - HikariPool-1 - Start completed.
2023-05-02 09:18:00 INFO  SQL dialect:95 - HHH000400: Using dialect: org.hibernate.dialect.MySQLDialect
2023-05-02 09:18:00 INFO  BytecodeProviderInitiator:53 - HHH000021: Bytecode provider name : bytebuddy
2023-05-02 09:18:01 INFO  JtaPlatformInitiator:51 - HHH000490: Using JtaPlatform implementation: [org.hibernate.engine.transaction.jta.platform.internal.NoJtaPlatform]
2023-05-02 09:26:23 INFO  LogHelper:31 - HHH000204: Processing PersistenceUnitInfo [name: Cinema]
2023-05-02 09:26:23 INFO  Version:44 - HHH000412: Hibernate ORM core version 6.2.0.Final
2023-05-02 09:26:23 INFO  Environment:191 - HHH000406: Using bytecode reflection optimizer
2023-05-02 09:26:24 INFO  ConnectionProviderInitiator:127 - HHH000130: Instantiating explicit connection provider: org.hibernate.hikaricp.internal.HikariCPConnectionProvider
2023-05-02 09:26:24 INFO  HikariDataSource:80 - HikariPool-1 - Starting...
2023-05-02 09:26:24 INFO  HikariPool:565 - HikariPool-1 - Added connection com.mysql.cj.jdbc.ConnectionImpl@17f460bb
2023-05-02 09:26:24 INFO  HikariDataSource:82 - HikariPool-1 - Start completed.
2023-05-02 09:26:24 INFO  SQL dialect:95 - HHH000400: Using dialect: org.hibernate.dialect.MySQLDialect
2023-05-02 09:26:24 INFO  BytecodeProviderInitiator:53 - HHH000021: Bytecode provider name : bytebuddy
2023-05-02 09:26:25 INFO  JtaPlatformInitiator:51 - HHH000490: Using JtaPlatform implementation: [org.hibernate.engine.transaction.jta.platform.internal.NoJtaPlatform]
2023-05-02 09:27:59 INFO  LogHelper:31 - HHH000204: Processing PersistenceUnitInfo [name: Cinema]
2023-05-02 09:27:59 INFO  Version:44 - HHH000412: Hibernate ORM core version 6.2.0.Final
2023-05-02 09:27:59 INFO  Environment:191 - HHH000406: Using bytecode reflection optimizer
2023-05-02 09:27:59 INFO  ConnectionProviderInitiator:127 - HHH000130: Instantiating explicit connection provider: org.hibernate.hikaricp.internal.HikariCPConnectionProvider
2023-05-02 09:27:59 INFO  HikariDataSource:80 - HikariPool-1 - Starting...
2023-05-02 09:28:00 INFO  HikariPool:565 - HikariPool-1 - Added connection com.mysql.cj.jdbc.ConnectionImpl@328572f0
2023-05-02 09:28:00 INFO  HikariDataSource:82 - HikariPool-1 - Start completed.
2023-05-02 09:28:00 INFO  SQL dialect:95 - HHH000400: Using dialect: org.hibernate.dialect.MySQLDialect
2023-05-02 09:28:00 INFO  BytecodeProviderInitiator:53 - HHH000021: Bytecode provider name : bytebuddy
2023-05-02 09:28:01 INFO  JtaPlatformInitiator:51 - HHH000490: Using JtaPlatform implementation: [org.hibernate.engine.transaction.jta.platform.internal.NoJtaPlatform]
2023-05-02 09:30:27 INFO  LogHelper:31 - HHH000204: Processing PersistenceUnitInfo [name: Cinema]
2023-05-02 09:30:27 INFO  Version:44 - HHH000412: Hibernate ORM core version 6.2.0.Final
2023-05-02 09:30:27 INFO  Environment:191 - HHH000406: Using bytecode reflection optimizer
2023-05-02 09:30:28 INFO  ConnectionProviderInitiator:127 - HHH000130: Instantiating explicit connection provider: org.hibernate.hikaricp.internal.HikariCPConnectionProvider
2023-05-02 09:30:28 INFO  HikariDataSource:80 - HikariPool-1 - Starting...
2023-05-02 09:30:28 INFO  HikariPool:565 - HikariPool-1 - Added connection com.mysql.cj.jdbc.ConnectionImpl@17f460bb
2023-05-02 09:30:28 INFO  HikariDataSource:82 - HikariPool-1 - Start completed.
2023-05-02 09:30:28 INFO  SQL dialect:95 - HHH000400: Using dialect: org.hibernate.dialect.MySQLDialect
2023-05-02 09:30:29 INFO  BytecodeProviderInitiator:53 - HHH000021: Bytecode provider name : bytebuddy
2023-05-02 09:30:30 INFO  JtaPlatformInitiator:51 - HHH000490: Using JtaPlatform implementation: [org.hibernate.engine.transaction.jta.platform.internal.NoJtaPlatform]
2023-05-02 09:31:44 INFO  LogHelper:31 - HHH000204: Processing PersistenceUnitInfo [name: Cinema]
2023-05-02 09:31:44 INFO  Version:44 - HHH000412: Hibernate ORM core version 6.2.0.Final
2023-05-02 09:31:44 INFO  Environment:191 - HHH000406: Using bytecode reflection optimizer
2023-05-02 09:31:45 INFO  ConnectionProviderInitiator:127 - HHH000130: Instantiating explicit connection provider: org.hibernate.hikaricp.internal.HikariCPConnectionProvider
2023-05-02 09:31:45 INFO  HikariDataSource:80 - HikariPool-1 - Starting...
2023-05-02 09:31:45 INFO  HikariPool:565 - HikariPool-1 - Added connection com.mysql.cj.jdbc.ConnectionImpl@17f460bb
2023-05-02 09:31:45 INFO  HikariDataSource:82 - HikariPool-1 - Start completed.
2023-05-02 09:31:45 INFO  SQL dialect:95 - HHH000400: Using dialect: org.hibernate.dialect.MySQLDialect
2023-05-02 09:31:46 INFO  BytecodeProviderInitiator:53 - HHH000021: Bytecode provider name : bytebuddy
2023-05-02 09:31:47 INFO  JtaPlatformInitiator:51 - HHH000490: Using JtaPlatform implementation: [org.hibernate.engine.transaction.jta.platform.internal.NoJtaPlatform]
2023-05-02 09:31:47 WARN  SqlExceptionHelper:145 - SQL Error: 1062, SQLState: 23000
2023-05-02 09:31:47 ERROR SqlExceptionHelper:150 - Duplicate entry 'newuser@gmail.com' for key 'user_list.email_UNIQUE'
2023-05-02 09:32:24 INFO  LogHelper:31 - HHH000204: Processing PersistenceUnitInfo [name: Cinema]
2023-05-02 09:32:24 INFO  Version:44 - HHH000412: Hibernate ORM core version 6.2.0.Final
2023-05-02 09:32:24 INFO  Environment:191 - HHH000406: Using bytecode reflection optimizer
2023-05-02 09:32:24 INFO  ConnectionProviderInitiator:127 - HHH000130: Instantiating explicit connection provider: org.hibernate.hikaricp.internal.HikariCPConnectionProvider
2023-05-02 09:32:24 INFO  HikariDataSource:80 - HikariPool-1 - Starting...
2023-05-02 09:32:25 INFO  HikariPool:565 - HikariPool-1 - Added connection com.mysql.cj.jdbc.ConnectionImpl@17f460bb
2023-05-02 09:32:25 INFO  HikariDataSource:82 - HikariPool-1 - Start completed.
2023-05-02 09:32:25 INFO  SQL dialect:95 - HHH000400: Using dialect: org.hibernate.dialect.MySQLDialect
2023-05-02 09:32:25 INFO  BytecodeProviderInitiator:53 - HHH000021: Bytecode provider name : bytebuddy
2023-05-02 09:32:26 INFO  JtaPlatformInitiator:51 - HHH000490: Using JtaPlatform implementation: [org.hibernate.engine.transaction.jta.platform.internal.NoJtaPlatform]
2023-05-02 09:40:09 INFO  LogHelper:31 - HHH000204: Processing PersistenceUnitInfo [name: Cinema]
2023-05-02 09:40:09 INFO  Version:44 - HHH000412: Hibernate ORM core version 6.2.0.Final
2023-05-02 09:40:09 INFO  Environment:191 - HHH000406: Using bytecode reflection optimizer
2023-05-02 09:40:10 INFO  ConnectionProviderInitiator:127 - HHH000130: Instantiating explicit connection provider: org.hibernate.hikaricp.internal.HikariCPConnectionProvider
2023-05-02 09:40:10 INFO  HikariDataSource:80 - HikariPool-1 - Starting...
2023-05-02 09:40:10 INFO  HikariPool:565 - HikariPool-1 - Added connection com.mysql.cj.jdbc.ConnectionImpl@26f1249d
2023-05-02 09:40:10 INFO  HikariDataSource:82 - HikariPool-1 - Start completed.
2023-05-02 09:40:10 INFO  SQL dialect:95 - HHH000400: Using dialect: org.hibernate.dialect.MySQLDialect
2023-05-02 09:40:11 INFO  BytecodeProviderInitiator:53 - HHH000021: Bytecode provider name : bytebuddy
2023-05-02 09:40:11 INFO  JtaPlatformInitiator:51 - HHH000490: Using JtaPlatform implementation: [org.hibernate.engine.transaction.jta.platform.internal.NoJtaPlatform]
2023-05-02 09:40:12 WARN  SqlExceptionHelper:145 - SQL Error: 1062, SQLState: 23000
2023-05-02 09:40:12 ERROR SqlExceptionHelper:150 - Duplicate entry 'newuser@gmail.com' for key 'user_list.email_UNIQUE'
2023-05-02 09:40:33 INFO  LogHelper:31 - HHH000204: Processing PersistenceUnitInfo [name: Cinema]
2023-05-02 09:40:33 INFO  Version:44 - HHH000412: Hibernate ORM core version 6.2.0.Final
2023-05-02 09:40:33 INFO  Environment:191 - HHH000406: Using bytecode reflection optimizer
2023-05-02 09:40:34 INFO  ConnectionProviderInitiator:127 - HHH000130: Instantiating explicit connection provider: org.hibernate.hikaricp.internal.HikariCPConnectionProvider
2023-05-02 09:40:34 INFO  HikariDataSource:80 - HikariPool-1 - Starting...
2023-05-02 09:40:34 INFO  HikariPool:565 - HikariPool-1 - Added connection com.mysql.cj.jdbc.ConnectionImpl@60222fd8
2023-05-02 09:40:34 INFO  HikariDataSource:82 - HikariPool-1 - Start completed.
2023-05-02 09:40:34 INFO  SQL dialect:95 - HHH000400: Using dialect: org.hibernate.dialect.MySQLDialect
2023-05-02 09:40:35 INFO  BytecodeProviderInitiator:53 - HHH000021: Bytecode provider name : bytebuddy
2023-05-02 09:40:36 INFO  JtaPlatformInitiator:51 - HHH000490: Using JtaPlatform implementation: [org.hibernate.engine.transaction.jta.platform.internal.NoJtaPlatform]
2023-05-02 09:41:39 INFO  LogHelper:31 - HHH000204: Processing PersistenceUnitInfo [name: Cinema]
2023-05-02 09:41:39 INFO  Version:44 - HHH000412: Hibernate ORM core version 6.2.0.Final
2023-05-02 09:41:39 INFO  Environment:191 - HHH000406: Using bytecode reflection optimizer
2023-05-02 09:41:39 INFO  ConnectionProviderInitiator:127 - HHH000130: Instantiating explicit connection provider: org.hibernate.hikaricp.internal.HikariCPConnectionProvider
2023-05-02 09:41:39 INFO  HikariDataSource:80 - HikariPool-1 - Starting...
2023-05-02 09:41:40 INFO  HikariPool:565 - HikariPool-1 - Added connection com.mysql.cj.jdbc.ConnectionImpl@60222fd8
2023-05-02 09:41:40 INFO  HikariDataSource:82 - HikariPool-1 - Start completed.
2023-05-02 09:41:40 INFO  SQL dialect:95 - HHH000400: Using dialect: org.hibernate.dialect.MySQLDialect
2023-05-02 09:41:40 INFO  BytecodeProviderInitiator:53 - HHH000021: Bytecode provider name : bytebuddy
2023-05-02 09:41:41 INFO  JtaPlatformInitiator:51 - HHH000490: Using JtaPlatform implementation: [org.hibernate.engine.transaction.jta.platform.internal.NoJtaPlatform]
2023-05-02 09:44:42 INFO  LogHelper:31 - HHH000204: Processing PersistenceUnitInfo [name: Cinema]
2023-05-02 09:44:42 INFO  Version:44 - HHH000412: Hibernate ORM core version 6.2.0.Final
2023-05-02 09:44:42 INFO  Environment:191 - HHH000406: Using bytecode reflection optimizer
2023-05-02 09:44:43 INFO  ConnectionProviderInitiator:127 - HHH000130: Instantiating explicit connection provider: org.hibernate.hikaricp.internal.HikariCPConnectionProvider
2023-05-02 09:44:43 INFO  HikariDataSource:80 - HikariPool-1 - Starting...
2023-05-02 09:44:43 INFO  HikariPool:565 - HikariPool-1 - Added connection com.mysql.cj.jdbc.ConnectionImpl@53bf7094
2023-05-02 09:44:43 INFO  HikariDataSource:82 - HikariPool-1 - Start completed.
2023-05-02 09:44:43 INFO  SQL dialect:95 - HHH000400: Using dialect: org.hibernate.dialect.MySQLDialect
2023-05-02 09:44:44 INFO  BytecodeProviderInitiator:53 - HHH000021: Bytecode provider name : bytebuddy
2023-05-02 09:44:44 INFO  JtaPlatformInitiator:51 - HHH000490: Using JtaPlatform implementation: [org.hibernate.engine.transaction.jta.platform.internal.NoJtaPlatform]
2023-05-02 09:46:16 INFO  LogHelper:31 - HHH000204: Processing PersistenceUnitInfo [name: Cinema]
2023-05-02 09:46:16 INFO  Version:44 - HHH000412: Hibernate ORM core version 6.2.0.Final
2023-05-02 09:46:16 INFO  Environment:191 - HHH000406: Using bytecode reflection optimizer
2023-05-02 09:46:17 INFO  ConnectionProviderInitiator:127 - HHH000130: Instantiating explicit connection provider: org.hibernate.hikaricp.internal.HikariCPConnectionProvider
2023-05-02 09:46:17 INFO  HikariDataSource:80 - HikariPool-1 - Starting...
2023-05-02 09:46:17 INFO  HikariPool:565 - HikariPool-1 - Added connection com.mysql.cj.jdbc.ConnectionImpl@64711bf2
2023-05-02 09:46:17 INFO  HikariDataSource:82 - HikariPool-1 - Start completed.
2023-05-02 09:46:17 INFO  SQL dialect:95 - HHH000400: Using dialect: org.hibernate.dialect.MySQLDialect
2023-05-02 09:46:18 INFO  BytecodeProviderInitiator:53 - HHH000021: Bytecode provider name : bytebuddy
2023-05-02 09:46:19 INFO  JtaPlatformInitiator:51 - HHH000490: Using JtaPlatform implementation: [org.hibernate.engine.transaction.jta.platform.internal.NoJtaPlatform]
2023-05-02 09:47:33 INFO  LogHelper:31 - HHH000204: Processing PersistenceUnitInfo [name: Cinema]
2023-05-02 09:47:33 INFO  Version:44 - HHH000412: Hibernate ORM core version 6.2.0.Final
2023-05-02 09:47:33 INFO  Environment:191 - HHH000406: Using bytecode reflection optimizer
2023-05-02 09:47:33 INFO  ConnectionProviderInitiator:127 - HHH000130: Instantiating explicit connection provider: org.hibernate.hikaricp.internal.HikariCPConnectionProvider
2023-05-02 09:47:33 INFO  HikariDataSource:80 - HikariPool-1 - Starting...
2023-05-02 09:47:34 INFO  HikariPool:565 - HikariPool-1 - Added connection com.mysql.cj.jdbc.ConnectionImpl@a68df9
2023-05-02 09:47:34 INFO  HikariDataSource:82 - HikariPool-1 - Start completed.
2023-05-02 09:47:34 INFO  SQL dialect:95 - HHH000400: Using dialect: org.hibernate.dialect.MySQLDialect
2023-05-02 09:47:34 INFO  BytecodeProviderInitiator:53 - HHH000021: Bytecode provider name : bytebuddy
2023-05-02 09:47:35 INFO  JtaPlatformInitiator:51 - HHH000490: Using JtaPlatform implementation: [org.hibernate.engine.transaction.jta.platform.internal.NoJtaPlatform]
2023-05-02 09:48:39 INFO  LogHelper:31 - HHH000204: Processing PersistenceUnitInfo [name: Cinema]
2023-05-02 09:48:39 INFO  Version:44 - HHH000412: Hibernate ORM core version 6.2.0.Final
2023-05-02 09:48:39 INFO  Environment:191 - HHH000406: Using bytecode reflection optimizer
2023-05-02 09:48:40 INFO  ConnectionProviderInitiator:127 - HHH000130: Instantiating explicit connection provider: org.hibernate.hikaricp.internal.HikariCPConnectionProvider
2023-05-02 09:48:40 INFO  HikariDataSource:80 - HikariPool-1 - Starting...
2023-05-02 09:48:40 INFO  HikariPool:565 - HikariPool-1 - Added connection com.mysql.cj.jdbc.ConnectionImpl@26f1249d
2023-05-02 09:48:40 INFO  HikariDataSource:82 - HikariPool-1 - Start completed.
2023-05-02 09:48:40 INFO  SQL dialect:95 - HHH000400: Using dialect: org.hibernate.dialect.MySQLDialect
2023-05-02 09:48:41 INFO  BytecodeProviderInitiator:53 - HHH000021: Bytecode provider name : bytebuddy
2023-05-02 09:48:42 INFO  JtaPlatformInitiator:51 - HHH000490: Using JtaPlatform implementation: [org.hibernate.engine.transaction.jta.platform.internal.NoJtaPlatform]
2023-05-02 09:50:07 INFO  LogHelper:31 - HHH000204: Processing PersistenceUnitInfo [name: Cinema]
2023-05-02 09:50:07 INFO  Version:44 - HHH000412: Hibernate ORM core version 6.2.0.Final
2023-05-02 09:50:07 INFO  Environment:191 - HHH000406: Using bytecode reflection optimizer
2023-05-02 09:50:07 INFO  ConnectionProviderInitiator:127 - HHH000130: Instantiating explicit connection provider: org.hibernate.hikaricp.internal.HikariCPConnectionProvider
2023-05-02 09:50:07 INFO  HikariDataSource:80 - HikariPool-1 - Starting...
2023-05-02 09:50:08 INFO  HikariPool:565 - HikariPool-1 - Added connection com.mysql.cj.jdbc.ConnectionImpl@a68df9
2023-05-02 09:50:08 INFO  HikariDataSource:82 - HikariPool-1 - Start completed.
2023-05-02 09:50:08 INFO  SQL dialect:95 - HHH000400: Using dialect: org.hibernate.dialect.MySQLDialect
2023-05-02 09:50:08 INFO  BytecodeProviderInitiator:53 - HHH000021: Bytecode provider name : bytebuddy
2023-05-02 09:50:09 INFO  JtaPlatformInitiator:51 - HHH000490: Using JtaPlatform implementation: [org.hibernate.engine.transaction.jta.platform.internal.NoJtaPlatform]
2023-05-02 09:51:30 INFO  LogHelper:31 - HHH000204: Processing PersistenceUnitInfo [name: Cinema]
2023-05-02 09:51:30 INFO  Version:44 - HHH000412: Hibernate ORM core version 6.2.0.Final
2023-05-02 09:51:30 INFO  Environment:191 - HHH000406: Using bytecode reflection optimizer
2023-05-02 09:51:31 INFO  ConnectionProviderInitiator:127 - HHH000130: Instantiating explicit connection provider: org.hibernate.hikaricp.internal.HikariCPConnectionProvider
2023-05-02 09:51:31 INFO  HikariDataSource:80 - HikariPool-1 - Starting...
2023-05-02 09:51:31 INFO  HikariPool:565 - HikariPool-1 - Added connection com.mysql.cj.jdbc.ConnectionImpl@a68df9
2023-05-02 09:51:31 INFO  HikariDataSource:82 - HikariPool-1 - Start completed.
2023-05-02 09:51:31 INFO  SQL dialect:95 - HHH000400: Using dialect: org.hibernate.dialect.MySQLDialect
2023-05-02 09:51:32 INFO  BytecodeProviderInitiator:53 - HHH000021: Bytecode provider name : bytebuddy
2023-05-02 09:51:32 INFO  JtaPlatformInitiator:51 - HHH000490: Using JtaPlatform implementation: [org.hibernate.engine.transaction.jta.platform.internal.NoJtaPlatform]
2023-05-02 10:13:32 INFO  LogHelper:31 - HHH000204: Processing PersistenceUnitInfo [name: Cinema]
2023-05-02 10:13:32 INFO  Version:44 - HHH000412: Hibernate ORM core version 6.2.0.Final
2023-05-02 10:13:32 INFO  Environment:191 - HHH000406: Using bytecode reflection optimizer
2023-05-02 10:13:33 INFO  ConnectionProviderInitiator:127 - HHH000130: Instantiating explicit connection provider: org.hibernate.hikaricp.internal.HikariCPConnectionProvider
2023-05-02 10:13:33 INFO  HikariDataSource:80 - HikariPool-1 - Starting...
2023-05-02 10:13:33 INFO  HikariPool:565 - HikariPool-1 - Added connection com.mysql.cj.jdbc.ConnectionImpl@894858
2023-05-02 10:13:33 INFO  HikariDataSource:82 - HikariPool-1 - Start completed.
2023-05-02 10:13:33 INFO  SQL dialect:95 - HHH000400: Using dialect: org.hibernate.dialect.MySQLDialect
2023-05-02 10:13:33 INFO  BytecodeProviderInitiator:53 - HHH000021: Bytecode provider name : bytebuddy
2023-05-02 10:13:34 INFO  JtaPlatformInitiator:51 - HHH000490: Using JtaPlatform implementation: [org.hibernate.engine.transaction.jta.platform.internal.NoJtaPlatform]
2023-05-02 10:13:35 WARN  AbstractEntityPersister:620 - HHH000502: The [userList] property of the [com.hohulia.cinema.JPA.Entities.UserRole] entity was modified, but it won't be updated because the property is immutable.
2023-05-02 11:13:32 INFO  LogHelper:31 - HHH000204: Processing PersistenceUnitInfo [name: Cinema]
2023-05-02 11:13:32 INFO  Version:44 - HHH000412: Hibernate ORM core version 6.2.0.Final
2023-05-02 11:13:32 INFO  Environment:191 - HHH000406: Using bytecode reflection optimizer
2023-05-02 11:13:32 INFO  ConnectionProviderInitiator:127 - HHH000130: Instantiating explicit connection provider: org.hibernate.hikaricp.internal.HikariCPConnectionProvider
2023-05-02 11:13:33 INFO  HikariDataSource:80 - HikariPool-1 - Starting...
2023-05-02 11:13:33 INFO  HikariPool:565 - HikariPool-1 - Added connection com.mysql.cj.jdbc.ConnectionImpl@2a3a299
2023-05-02 11:13:33 INFO  HikariDataSource:82 - HikariPool-1 - Start completed.
2023-05-02 11:13:33 INFO  SQL dialect:95 - HHH000400: Using dialect: org.hibernate.dialect.MySQLDialect
2023-05-02 11:13:33 INFO  BytecodeProviderInitiator:53 - HHH000021: Bytecode provider name : bytebuddy
2023-05-02 11:13:34 INFO  JtaPlatformInitiator:51 - HHH000490: Using JtaPlatform implementation: [org.hibernate.engine.transaction.jta.platform.internal.NoJtaPlatform]
2023-05-02 11:13:35 WARN  AbstractEntityPersister:620 - HHH000502: The [userList] property of the [com.hohulia.cinema.JPA.Entities.UserRole] entity was modified, but it won't be updated because the property is immutable.
2023-05-02 11:13:35 WARN  SqlExceptionHelper:145 - SQL Error: 1054, SQLState: 42S22
2023-05-02 11:13:35 ERROR SqlExceptionHelper:150 - Unknown column 'b1_0.movie_id' in 'field list'
2023-05-02 11:15:54 INFO  LogHelper:31 - HHH000204: Processing PersistenceUnitInfo [name: Cinema]
2023-05-02 11:15:54 INFO  Version:44 - HHH000412: Hibernate ORM core version 6.2.0.Final
2023-05-02 11:15:54 INFO  Environment:191 - HHH000406: Using bytecode reflection optimizer
2023-05-02 11:15:55 INFO  ConnectionProviderInitiator:127 - HHH000130: Instantiating explicit connection provider: org.hibernate.hikaricp.internal.HikariCPConnectionProvider
2023-05-02 11:15:55 INFO  HikariDataSource:80 - HikariPool-1 - Starting...
2023-05-02 11:15:55 INFO  HikariPool:565 - HikariPool-1 - Added connection com.mysql.cj.jdbc.ConnectionImpl@7da10b5b
2023-05-02 11:15:55 INFO  HikariDataSource:82 - HikariPool-1 - Start completed.
2023-05-02 11:15:55 INFO  SQL dialect:95 - HHH000400: Using dialect: org.hibernate.dialect.MySQLDialect
2023-05-02 11:15:55 INFO  BytecodeProviderInitiator:53 - HHH000021: Bytecode provider name : bytebuddy
2023-05-02 11:15:56 INFO  JtaPlatformInitiator:51 - HHH000490: Using JtaPlatform implementation: [org.hibernate.engine.transaction.jta.platform.internal.NoJtaPlatform]
2023-05-02 11:15:56 WARN  AbstractEntityPersister:620 - HHH000502: The [userList] property of the [com.hohulia.cinema.JPA.Entities.UserRole] entity was modified, but it won't be updated because the property is immutable.
2023-05-02 11:15:57 WARN  SqlExceptionHelper:145 - SQL Error: 1054, SQLState: 42S22
2023-05-02 11:15:57 ERROR SqlExceptionHelper:150 - Unknown column 'b1_0.movie_id' in 'field list'
2023-05-02 11:16:46 INFO  LogHelper:31 - HHH000204: Processing PersistenceUnitInfo [name: Cinema]
2023-05-02 11:16:46 INFO  Version:44 - HHH000412: Hibernate ORM core version 6.2.0.Final
2023-05-02 11:16:46 INFO  Environment:191 - HHH000406: Using bytecode reflection optimizer
2023-05-02 11:16:47 INFO  ConnectionProviderInitiator:127 - HHH000130: Instantiating explicit connection provider: org.hibernate.hikaricp.internal.HikariCPConnectionProvider
2023-05-02 11:16:47 INFO  HikariDataSource:80 - HikariPool-1 - Starting...
2023-05-02 11:16:47 INFO  HikariPool:565 - HikariPool-1 - Added connection com.mysql.cj.jdbc.ConnectionImpl@456abb66
2023-05-02 11:16:47 INFO  HikariDataSource:82 - HikariPool-1 - Start completed.
2023-05-02 11:16:47 INFO  SQL dialect:95 - HHH000400: Using dialect: org.hibernate.dialect.MySQLDialect
2023-05-02 11:16:47 INFO  BytecodeProviderInitiator:53 - HHH000021: Bytecode provider name : bytebuddy
2023-05-02 11:16:48 INFO  JtaPlatformInitiator:51 - HHH000490: Using JtaPlatform implementation: [org.hibernate.engine.transaction.jta.platform.internal.NoJtaPlatform]
2023-05-02 11:16:48 WARN  AbstractEntityPersister:620 - HHH000502: The [userList] property of the [com.hohulia.cinema.JPA.Entities.UserRole] entity was modified, but it won't be updated because the property is immutable.
2023-05-02 11:36:35 INFO  LogHelper:31 - HHH000204: Processing PersistenceUnitInfo [name: Cinema]
2023-05-02 11:36:35 INFO  Version:44 - HHH000412: Hibernate ORM core version 6.2.0.Final
2023-05-02 11:36:35 INFO  Environment:191 - HHH000406: Using bytecode reflection optimizer
2023-05-02 11:36:35 INFO  ConnectionProviderInitiator:127 - HHH000130: Instantiating explicit connection provider: org.hibernate.hikaricp.internal.HikariCPConnectionProvider
2023-05-02 11:36:36 INFO  HikariDataSource:80 - HikariPool-1 - Starting...
2023-05-02 11:36:36 INFO  HikariPool:565 - HikariPool-1 - Added connection com.mysql.cj.jdbc.ConnectionImpl@2516fc68
2023-05-02 11:36:36 INFO  HikariDataSource:82 - HikariPool-1 - Start completed.
2023-05-02 11:36:36 INFO  SQL dialect:95 - HHH000400: Using dialect: org.hibernate.dialect.MySQLDialect
2023-05-02 11:36:36 INFO  BytecodeProviderInitiator:53 - HHH000021: Bytecode provider name : bytebuddy
2023-05-02 11:36:37 INFO  JtaPlatformInitiator:51 - HHH000490: Using JtaPlatform implementation: [org.hibernate.engine.transaction.jta.platform.internal.NoJtaPlatform]
2023-05-02 11:36:37 WARN  AbstractEntityPersister:620 - HHH000502: The [userList] property of the [com.hohulia.cinema.JPA.Entities.UserRole] entity was modified, but it won't be updated because the property is immutable.
2023-05-02 11:36:38 WARN  SqlExceptionHelper:145 - SQL Error: 1054, SQLState: 42S22
2023-05-02 11:36:38 ERROR SqlExceptionHelper:150 - Unknown column 'b1_0.movie_id' in 'field list'
2023-05-02 11:37:41 INFO  LogHelper:31 - HHH000204: Processing PersistenceUnitInfo [name: Cinema]
2023-05-02 11:37:41 INFO  Version:44 - HHH000412: Hibernate ORM core version 6.2.0.Final
2023-05-02 11:37:41 INFO  Environment:191 - HHH000406: Using bytecode reflection optimizer
2023-05-02 11:37:41 INFO  ConnectionProviderInitiator:127 - HHH000130: Instantiating explicit connection provider: org.hibernate.hikaricp.internal.HikariCPConnectionProvider
2023-05-02 11:37:41 INFO  HikariDataSource:80 - HikariPool-1 - Starting...
2023-05-02 11:37:42 INFO  HikariPool:565 - HikariPool-1 - Added connection com.mysql.cj.jdbc.ConnectionImpl@2516fc68
2023-05-02 11:37:42 INFO  HikariDataSource:82 - HikariPool-1 - Start completed.
2023-05-02 11:37:42 INFO  SQL dialect:95 - HHH000400: Using dialect: org.hibernate.dialect.MySQLDialect
2023-05-02 11:37:42 INFO  BytecodeProviderInitiator:53 - HHH000021: Bytecode provider name : bytebuddy
2023-05-02 11:37:43 INFO  JtaPlatformInitiator:51 - HHH000490: Using JtaPlatform implementation: [org.hibernate.engine.transaction.jta.platform.internal.NoJtaPlatform]
2023-05-02 11:37:43 WARN  AbstractEntityPersister:620 - HHH000502: The [userList] property of the [com.hohulia.cinema.JPA.Entities.UserRole] entity was modified, but it won't be updated because the property is immutable.
2023-05-02 11:38:43 INFO  LogHelper:31 - HHH000204: Processing PersistenceUnitInfo [name: Cinema]
2023-05-02 11:38:43 INFO  Version:44 - HHH000412: Hibernate ORM core version 6.2.0.Final
2023-05-02 11:38:43 INFO  Environment:191 - HHH000406: Using bytecode reflection optimizer
2023-05-02 11:38:44 INFO  ConnectionProviderInitiator:127 - HHH000130: Instantiating explicit connection provider: org.hibernate.hikaricp.internal.HikariCPConnectionProvider
2023-05-02 11:38:44 INFO  HikariDataSource:80 - HikariPool-1 - Starting...
2023-05-02 11:38:44 INFO  HikariPool:565 - HikariPool-1 - Added connection com.mysql.cj.jdbc.ConnectionImpl@15f193b8
2023-05-02 11:38:44 INFO  HikariDataSource:82 - HikariPool-1 - Start completed.
2023-05-02 11:38:44 INFO  SQL dialect:95 - HHH000400: Using dialect: org.hibernate.dialect.MySQLDialect
2023-05-02 11:38:45 INFO  BytecodeProviderInitiator:53 - HHH000021: Bytecode provider name : bytebuddy
2023-05-02 11:38:46 INFO  JtaPlatformInitiator:51 - HHH000490: Using JtaPlatform implementation: [org.hibernate.engine.transaction.jta.platform.internal.NoJtaPlatform]
2023-05-02 11:38:46 WARN  AbstractEntityPersister:620 - HHH000502: The [userList] property of the [com.hohulia.cinema.JPA.Entities.UserRole] entity was modified, but it won't be updated because the property is immutable.
2023-05-02 12:22:17 INFO  LogHelper:31 - HHH000204: Processing PersistenceUnitInfo [name: Cinema]
2023-05-02 12:22:17 INFO  Version:44 - HHH000412: Hibernate ORM core version 6.2.0.Final
2023-05-02 12:22:17 INFO  Environment:191 - HHH000406: Using bytecode reflection optimizer
2023-05-02 12:22:18 INFO  ConnectionProviderInitiator:127 - HHH000130: Instantiating explicit connection provider: org.hibernate.hikaricp.internal.HikariCPConnectionProvider
2023-05-02 12:22:18 INFO  HikariDataSource:80 - HikariPool-1 - Starting...
2023-05-02 12:22:18 INFO  HikariPool:565 - HikariPool-1 - Added connection com.mysql.cj.jdbc.ConnectionImpl@bf71cec
2023-05-02 12:22:18 INFO  HikariDataSource:82 - HikariPool-1 - Start completed.
2023-05-02 12:22:18 INFO  SQL dialect:95 - HHH000400: Using dialect: org.hibernate.dialect.MySQLDialect
2023-05-02 12:22:19 INFO  BytecodeProviderInitiator:53 - HHH000021: Bytecode provider name : bytebuddy
2023-05-02 12:22:20 INFO  JtaPlatformInitiator:51 - HHH000490: Using JtaPlatform implementation: [org.hibernate.engine.transaction.jta.platform.internal.NoJtaPlatform]
2023-05-02 12:22:20 WARN  AbstractEntityPersister:620 - HHH000502: The [userList] property of the [com.hohulia.cinema.JPA.Entities.UserRole] entity was modified, but it won't be updated because the property is immutable.
